2 Pistols
Domo Genesis
UGK (U.G.K. a/k/a Underground Kings)
Streetlife
Lil B (#TYBG)
Master Fuol
Gnarls Barkley
1 songs cleaned raw (not properly formatted)
2 songs cleaned clean
2 Pistols.json made! 4.255674123764038
311
0 songs cleaned raw (not properly formatted)
13 songs cleaned clean
Master Fuol.json made! 6.924273252487183
Masterminds
0 songs cleaned raw (not properly formatted)
21 songs cleaned clean
Streetlife.json made! 9.904437780380249
Street Military
1 songs cleaned raw (not properly formatted)
0 songs cleaned clean
0 songs cleaned raw (not properly formatted)
9 songs cleaned clean
Street Military.json made! 3.099562168121338
The Streets
Masterminds.json made! 6.078906059265137
Master P
2 songs cleaned raw (not properly formatted)
18 songs cleaned clean
The Streets.json made! 9.84178352355957
23 songs cleaned raw (not properly formatted)
88 songs cleaned clean
Master P.json made! 35.23461079597473
Masters of Illusion
0 songs cleaned raw (not properly formatted)
15 songs cleaned clean
Masters of Illusion.json made! 7.401443958282471
Mathematics
0 songs cleaned raw (not properly formatted)
44 songs cleaned clean
Mathematics.json made! 17.788132429122925
Mathematik
0 songs cleaned raw (not properly formatted)
2 songs cleaned clean
Mathematik.json made! 3.8282790184020996
Matisyahu
23 songs cleaned raw (not properly formatted)
222 songs cleaned clean
Gnarls Barkley.json made! 77.52590584754944
G-Note$
0 songs cleaned raw (not properly formatted)
210 songs cleaned clean
311.json made! 74.54702687263489
334 Mobb
0 songs cleaned raw (not properly formatted)
1 songs cleaned clean
Matisyahu.json made! 3.0964889526367188
Matlock
0 songs cleaned raw (not properly formatted)
1 songs cleaned clean
334 Mobb.json made! 3.028033971786499
3 Melancholy Gypsies
0 songs cleaned raw (not properly formatted)
6 songs cleaned clean
G-Note$.json made! 5.0025434494018555
Gnotes
0 songs cleaned raw (not properly formatted)
4 songs cleaned clean
Matlock.json made! 4.869524717330933
0 songs cleaned raw (not properly formatted)
4 songs cleaned clean
3 Melancholy Gypsies.json made! 4.022014379501343
3OH!3
0 songs cleaned raw (not properly formatted)
4 songs cleaned clean
Gnotes.json made! 4.008243799209595
The Goats
0 songs cleaned raw (not properly formatted)
1 songs cleaned clean
3OH!3.json made! 3.0656001567840576
0 songs cleaned raw (not properly formatted)
5 songs cleaned clean
The Goats.json made! 4.797118902206421
1 songs cleaned raw (not properly formatted)
444 songs cleaned clean
Domo Genesis.json made! 141.03981804847717
17 songs cleaned raw (not properly formatted)
440 songs cleaned clean
UGK (U.G.K. a/k/a Underground Kings).json made! 144.2632176876068
Ugly Ducklings
0 songs cleaned raw (not properly formatted)
67 songs cleaned clean
Ugly Ducklings.json made! 25.81196141242981
U-God
4 songs cleaned raw (not properly formatted)
87 songs cleaned clean
U-God.json made! 33.67762732505798
Ultra (Kool Keith &amp; Tim Dog)
0 songs cleaned raw (not properly formatted)
839 songs cleaned clean
Lil B (#TYBG).json made! 284.1401016712189
lil aaron
0 songs cleaned raw (not properly formatted)
25 songs cleaned clean
lil aaron.json made! 11.892874240875244
8 songs cleaned raw (not properly formatted)
328 songs cleaned clean
Ultra (Kool Keith &amp; Tim Dog).json made! 105.41415858268738
UltraMagnetic M.C.'s (Ultramagnetic MC's)
8 songs cleaned raw (not properly formatted)
328 songs cleaned clean
UltraMagnetic M.C.'s (Ultramagnetic MC's).json made! 105.37456965446472
